<?xml version="1.0" encoding="UTF-8"?>
<!-- Generated by org.testng.reporters.JUnitReportReporter -->
<testsuite hostname="lin76005087" failures="0" tests="2" name="testCases.CustomerLoginTest" time="8.854" errors="0" timestamp="2024-04-12T15:56:07 IST" skipped="0">
  <testcase classname="testCases.CustomerLoginTest" name="customerLogin" time="2.101"/>
  <testcase classname="testCases.CustomerLoginTest" name="amountWithdrawal" time="6.753"/>
</testsuite> <!-- testCases.CustomerLoginTest -->
