<?xml version="1.0" encoding="UTF-8"?>
<!-- Generated by org.testng.reporters.JUnitReportReporter -->
<testsuite hostname="lin76005087" failures="0" tests="2" name="testCases.ManagerLoginTest" time="4.662" errors="0" timestamp="2024-04-12T15:56:07 IST" skipped="0">
  <testcase classname="testCases.ManagerLoginTest" name="addCustomer" time="2.579"/>
  <testcase classname="testCases.ManagerLoginTest" name="accountNumberCreation" time="2.083"/>
</testsuite> <!-- testCases.ManagerLoginTest -->
