<?xml version="1.0" encoding="UTF-8"?>
<!-- Generated by org.testng.reporters.JUnitReportReporter -->
<testsuite hostname="INLEN8520069354" failures="0" tests="3" name="Testcases.customerTestcases" time="18.005" errors="0" timestamp="2024-04-18T14:46:36 IST" skipped="0">
  <testcase classname="Testcases.customerTestcases" name="CusLogin" time="0.592"/>
  <testcase classname="Testcases.customerTestcases" name="deposit" time="0.997"/>
  <testcase classname="Testcases.customerTestcases" name="withdrawl" time="16.416"/>
</testsuite> <!-- Testcases.customerTestcases -->
