<?xml version="1.0" encoding="UTF-8"?>
<!-- Generated by org.testng.reporters.JUnitReportReporter -->
<testsuite hostname="INLEN8520069354" failures="0" tests="2" name="Testcases.bankmanagertestcases" time="2.898" errors="0" timestamp="2024-04-18T14:49:56 IST" skipped="0">
  <testcase classname="Testcases.bankmanagertestcases" name="AddCustomer" time="2.006"/>
  <testcase classname="Testcases.bankmanagertestcases" name="openaccount" time="0.892"/>
</testsuite> <!-- Testcases.bankmanagertestcases -->
