<?xml version="1.0" encoding="UTF-8"?>
<!-- Generated by org.testng.reporters.JUnitReportReporter -->
<testsuite hostname="INLEN8520069354" failures="0" tests="9" name="TestCases.TestRunner" time="16.500" errors="0" timestamp="2024-05-10T15:09:02 IST" skipped="0">
  <testcase classname="TestCases.TestRunner" name="verifyCartPage" time="4.145"/>
  <testcase classname="TestCases.TestRunner" name="verifyAddProduct" time="1.091"/>
  <testcase classname="TestCases.TestRunner" name="verifyAddProduct" time="0.979"/>
  <testcase classname="TestCases.TestRunner" name="verifyAddProduct" time="2.858"/>
  <testcase classname="TestCases.TestRunner" name="verifyAddProduct" time="1.013"/>
  <testcase classname="TestCases.TestRunner" name="verifyAddProduct" time="1.028"/>
  <testcase classname="TestCases.TestRunner" name="addingMultipleProduct" time="1.336"/>
  <testcase classname="TestCases.TestRunner" name="placeOrder" time="2.467"/>
  <testcase classname="TestCases.TestRunner" name="resetAppstate" time="1.583"/>
</testsuite> <!-- TestCases.TestRunner -->
