<?xml version="1.0" encoding="UTF-8"?>
<!-- Generated by org.testng.reporters.JUnitReportReporter -->
<testsuite hostname="INLEN8520069354" failures="0" tests="4" name="exampleClasses.exampleclass1" time="0.023" errors="0" timestamp="2024-04-19T16:24:02 IST" skipped="0">
  <testcase classname="exampleClasses.exampleclass1" name="emp_timesheet" time="0.005"/>
  <testcase classname="exampleClasses.exampleclass1" name="login" time="0.002"/>
  <testcase classname="exampleClasses.exampleclass1" name="emp_performance" time="0.002"/>
  <testcase classname="exampleClasses.exampleclass1" name="emp_jobDetails" time="0.014"/>
</testsuite> <!-- exampleClasses.exampleclass1 -->
