<?xml version="1.0" encoding="UTF-8"?>
<!-- Generated by org.testng.reporters.JUnitReportReporter -->
<testsuite hostname="INLEN8520069354" failures="0" tests="4" name="exampleClasses.exampleclass2$exampleclass1" time="0.016" errors="0" timestamp="2024-04-19T16:24:02 IST" skipped="0">
  <testcase classname="exampleClasses.exampleclass2$exampleclass1" name="cart" time="0.006"/>
  <testcase classname="exampleClasses.exampleclass2$exampleclass1" name="payment" time="0.004"/>
  <testcase classname="exampleClasses.exampleclass2$exampleclass1" name="searching_product" time="0.003"/>
  <testcase classname="exampleClasses.exampleclass2$exampleclass1" name="login" time="0.003"/>
</testsuite> <!-- exampleClasses.exampleclass2$exampleclass1 -->
